2015-09-08 19:20:46.085 xcodebuild[40707:3676136] [MT] PluginLoading: Required plug-in compatibility UUID 7FDF5C7A-131F-4ABB-9EDC-8C5F8F0B8A90 for plug-in at path '~/Library/Application Support/Developer/Shared/Xcode/Plug-ins/XToDo.xcplugin' not present in DVTPlugInCompatibilityUUIDs
2015-09-08 19:20:46.086 xcodebuild[40707:3676136] [MT] PluginLoading: Required plug-in compatibility UUID 7FDF5C7A-131F-4ABB-9EDC-8C5F8F0B8A90 for plug-in at path '~/Library/Application Support/Developer/Shared/Xcode/Plug-ins/XCActionBar.xcplugin' not present in DVTPlugInCompatibilityUUIDs
2015-09-08 19:20:46.087 xcodebuild[40707:3676136] [MT] PluginLoading: Required plug-in compatibility UUID 7FDF5C7A-131F-4ABB-9EDC-8C5F8F0B8A90 for plug-in at path '~/Library/Application Support/Developer/Shared/Xcode/Plug-ins/VVDocumenter-Xcode.xcplugin' not present in DVTPlugInCompatibilityUUIDs
2015-09-08 19:20:46.087 xcodebuild[40707:3676136] [MT] PluginLoading: Required plug-in compatibility UUID 7FDF5C7A-131F-4ABB-9EDC-8C5F8F0B8A90 for plug-in at path '~/Library/Application Support/Developer/Shared/Xcode/Plug-ins/UncrustifyPlugin.xcplugin' not present in DVTPlugInCompatibilityUUIDs
2015-09-08 19:20:46.088 xcodebuild[40707:3676136] [MT] PluginLoading: Required plug-in compatibility UUID 7FDF5C7A-131F-4ABB-9EDC-8C5F8F0B8A90 for plug-in at path '~/Library/Application Support/Developer/Shared/Xcode/Plug-ins/Peckham.xcplugin' not present in DVTPlugInCompatibilityUUIDs
2015-09-08 19:20:46.088 xcodebuild[40707:3676136] [MT] PluginLoading: Required plug-in compatibility UUID 7FDF5C7A-131F-4ABB-9EDC-8C5F8F0B8A90 for plug-in at path '~/Library/Application Support/Developer/Shared/Xcode/Plug-ins/CocoaPodUI.xcplugin' not present in DVTPlugInCompatibilityUUIDs
2015-09-08 19:20:46.088 xcodebuild[40707:3676136] [MT] PluginLoading: Required plug-in compatibility UUID 7FDF5C7A-131F-4ABB-9EDC-8C5F8F0B8A90 for plug-in at path '~/Library/Application Support/Developer/Shared/Xcode/Plug-ins/Alcatraz.xcplugin' not present in DVTPlugInCompatibilityUUIDs
In file included from ../ext/bson.cc:35:
../ext/bson.h:56:51: error: unknown type name 'Arguments'; did you mean 'v8::internal::Arguments'?
        static Handle<Value> BSONDeserializeStream(const Arguments &args);
                                                         ^~~~~~~~~
                                                         v8::internal::Arguments
/Users/ruddfawcett/.node-gyp/3.2.0/include/node/v8.h:139:7: note: 'v8::internal::Arguments' declared here
class Arguments;
      ^
In file included from ../ext/bson.cc:35:
../ext/bson.h:59:43: error: unknown type name 'Arguments'; did you mean 'v8::internal::Arguments'?
        static Handle<Value> BSONSerialize(const Arguments &args);
                                                 ^~~~~~~~~
                                                 v8::internal::Arguments
/Users/ruddfawcett/.node-gyp/3.2.0/include/node/v8.h:139:7: note: 'v8::internal::Arguments' declared here
class Arguments;
      ^
In file included from ../ext/bson.cc:35:
../ext/bson.h:60:45: error: unknown type name 'Arguments'; did you mean 'v8::internal::Arguments'?
        static Handle<Value> BSONDeserialize(const Arguments &args);
                                                   ^~~~~~~~~
                                                   v8::internal::Arguments
/Users/ruddfawcett/.node-gyp/3.2.0/include/node/v8.h:139:7: note: 'v8::internal::Arguments' declared here
class Arguments;
      ^
In file included from ../ext/bson.cc:35:
../ext/bson.h:63:49: error: unknown type name 'Arguments'; did you mean 'v8::internal::Arguments'?
        static Handle<Value> CalculateObjectSize(const Arguments &args);
                                                       ^~~~~~~~~
                                                       v8::internal::Arguments
/Users/ruddfawcett/.node-gyp/3.2.0/include/node/v8.h:139:7: note: 'v8::internal::Arguments' declared here
class Arguments;
      ^
In file included from ../ext/bson.cc:35:
../ext/bson.h:64:57: error: unknown type name 'Arguments'; did you mean 'v8::internal::Arguments'?
        static Handle<Value> SerializeWithBufferAndIndex(const Arguments &args);
                                                               ^~~~~~~~~
                                                               v8::internal::Arguments
/Users/ruddfawcett/.node-gyp/3.2.0/include/node/v8.h:139:7: note: 'v8::internal::Arguments' declared here
class Arguments;
      ^
In file included from ../ext/bson.cc:35:
../ext/bson.h:70:33: error: unknown type name 'Arguments'; did you mean 'v8::internal::Arguments'?
        static Handle<Value> New(const Arguments &args);
                                       ^~~~~~~~~
                                       v8::internal::Arguments
/Users/ruddfawcett/.node-gyp/3.2.0/include/node/v8.h:139:7: note: 'v8::internal::Arguments' declared here
class Arguments;
      ^
../ext/bson.cc:203:14: error: no matching member function for call to 'Has'
                if(object->Has(bson->_bsontypeString))
                   ~~~~~~~~^~~
/Users/ruddfawcett/.node-gyp/3.2.0/include/node/v8.h:2615:47: note: candidate function not viable: no known conversion from 'Persistent<v8::String>' to 'Handle<v8::Value>' (aka 'v8::Local<v8::Value>') for 1st argument
  V8_DEPRECATE_SOON("Use maybe version", bool Has(Handle<Value> key));
                                              ^
/Users/ruddfawcett/.node-gyp/3.2.0/include/node/v8config.h:331:48: note: expanded from macro 'V8_DEPRECATE_SOON'
#define V8_DEPRECATE_SOON(message, declarator) declarator
                                               ^
/Users/ruddfawcett/.node-gyp/3.2.0/include/node/v8.h:2623:47: note: candidate function not viable: no known conversion from 'Persistent<v8::String>' to 'uint32_t' (aka 'unsigned int') for 1st argument
  V8_DEPRECATE_SOON("Use maybe version", bool Has(uint32_t index));
                                              ^
/Users/ruddfawcett/.node-gyp/3.2.0/include/node/v8config.h:331:48: note: expanded from macro 'V8_DEPRECATE_SOON'
#define V8_DEPRECATE_SOON(message, declarator) declarator
                                               ^
/Users/ruddfawcett/.node-gyp/3.2.0/include/node/v8.h:2616:37: note: candidate function not viable: requires 2 arguments, but 1 was provided
  V8_WARN_UNUSED_RESULT Maybe<bool> Has(Local<Context> context,
                                    ^
/Users/ruddfawcett/.node-gyp/3.2.0/include/node/v8.h:2624:37: note: candidate function not viable: requires 2 arguments, but 1 was provided
  V8_WARN_UNUSED_RESULT Maybe<bool> Has(Local<Context> context, uint32_t index);
                                    ^
../ext/bson.cc:206:23: error: member reference type 'Persistent<v8::String>' is not a pointer; maybe you meant to use '.'?
                        if(bson->longString->StrictEquals(constructorString))
                           ~~~~~~~~~~~~~~~~^~
                                           .
../ext/bson.cc:206:25: error: no member named 'StrictEquals' in 'v8::Persistent<v8::String, v8::NonCopyablePersistentTraits<v8::String> >'
                        if(bson->longString->StrictEquals(constructorString))
                           ~~~~~~~~~~~~~~~~  ^
../ext/bson.cc:212:33: error: member reference type 'Persistent<v8::String>' is not a pointer; maybe you meant to use '.'?
                        else if(bson->timestampString->StrictEquals(constructorString))
                                ~~~~~~~~~~~~~~~~~~~~~^~
                                                     .
../ext/bson.cc:212:35: error: no member named 'StrictEquals' in 'v8::Persistent<v8::String, v8::NonCopyablePersistentTraits<v8::String> >'
                        else if(bson->timestampString->StrictEquals(constructorString))
                                ~~~~~~~~~~~~~~~~~~~~~  ^
../ext/bson.cc:218:32: error: member reference type 'Persistent<v8::String>' is not a pointer; maybe you meant to use '.'?
                        else if(bson->objectIDString->StrictEquals(constructorString))
                                ~~~~~~~~~~~~~~~~~~~~^~
                                                    .
../ext/bson.cc:218:34: error: no member named 'StrictEquals' in 'v8::Persistent<v8::String, v8::NonCopyablePersistentTraits<v8::String> >'
                        else if(bson->objectIDString->StrictEquals(constructorString))
                                ~~~~~~~~~~~~~~~~~~~~  ^
../ext/bson.cc:223:30: error: member reference type 'Persistent<v8::String>' is not a pointer; maybe you meant to use '.'?
                        else if(bson->binaryString->StrictEquals(constructorString))
                                ~~~~~~~~~~~~~~~~~~^~
                                                  .
../ext/bson.cc:223:32: error: no member named 'StrictEquals' in 'v8::Persistent<v8::String, v8::NonCopyablePersistentTraits<v8::String> >'
                        else if(bson->binaryString->StrictEquals(constructorString))
                                ~~~~~~~~~~~~~~~~~~  ^
../ext/bson.cc:227:31: error: no matching member function for call to 'Get'
                                uint32_t length = object->Get(bson->_binaryPositionString)->Uint32Value();
                                                  ~~~~~~~~^~~
/Users/ruddfawcett/.node-gyp/3.2.0/include/node/v8.h:2589:55: note: candidate function not viable: no known conversion from 'Persistent<v8::String>' to 'Handle<v8::Value>' (aka 'v8::Local<v8::Value>') for 1st argument
  V8_DEPRECATE_SOON("Use maybe version", Local<Value> Get(Handle<Value> key));
                                                      ^
/Users/ruddfawcett/.node-gyp/3.2.0/include/node/v8config.h:331:48: note: expanded from macro 'V8_DEPRECATE_SOON'
#define V8_DEPRECATE_SOON(message, declarator) declarator
                                               ^
/Users/ruddfawcett/.node-gyp/3.2.0/include/node/v8.h:2593:55: note: candidate function not viable: no known conversion from 'Persistent<v8::String>' to 'uint32_t' (aka 'unsigned int') for 1st argument
  V8_DEPRECATE_SOON("Use maybe version", Local<Value> Get(uint32_t index));
                                                      ^
/Users/ruddfawcett/.node-gyp/3.2.0/include/node/v8config.h:331:48: note: expanded from macro 'V8_DEPRECATE_SOON'
#define V8_DEPRECATE_SOON(message, declarator) declarator
                                               ^
/Users/ruddfawcett/.node-gyp/3.2.0/include/node/v8.h:2590:43: note: candidate function not viable: requires 2 arguments, but 1 was provided
  V8_WARN_UNUSED_RESULT MaybeLocal<Value> Get(Local<Context> context,
                                          ^
/Users/ruddfawcett/.node-gyp/3.2.0/include/node/v8.h:2594:43: note: candidate function not viable: requires 2 arguments, but 1 was provided
  V8_WARN_UNUSED_RESULT MaybeLocal<Value> Get(Local<Context> context,
                                          ^
../ext/bson.cc:228:39: error: no matching member function for call to 'Get'
                                Local<Object> bufferObj = object->Get(bson->_binaryBufferString)->ToObject();
                                                          ~~~~~~~~^~~
/Users/ruddfawcett/.node-gyp/3.2.0/include/node/v8.h:2589:55: note: candidate function not viable: no known conversion from 'Persistent<v8::String>' to 'Handle<v8::Value>' (aka 'v8::Local<v8::Value>') for 1st argument
  V8_DEPRECATE_SOON("Use maybe version", Local<Value> Get(Handle<Value> key));
                                                      ^
/Users/ruddfawcett/.node-gyp/3.2.0/include/node/v8config.h:331:48: note: expanded from macro 'V8_DEPRECATE_SOON'
#define V8_DEPRECATE_SOON(message, declarator) declarator
                                               ^
/Users/ruddfawcett/.node-gyp/3.2.0/include/node/v8.h:2593:55: note: candidate function not viable: no known conversion from 'Persistent<v8::String>' to 'uint32_t' (aka 'unsigned int') for 1st argument
  V8_DEPRECATE_SOON("Use maybe version", Local<Value> Get(uint32_t index));
                                                      ^
/Users/ruddfawcett/.node-gyp/3.2.0/include/node/v8config.h:331:48: note: expanded from macro 'V8_DEPRECATE_SOON'
#define V8_DEPRECATE_SOON(message, declarator) declarator
                                               ^
/Users/ruddfawcett/.node-gyp/3.2.0/include/node/v8.h:2590:43: note: candidate function not viable: requires 2 arguments, but 1 was provided
  V8_WARN_UNUSED_RESULT MaybeLocal<Value> Get(Local<Context> context,
                                          ^
/Users/ruddfawcett/.node-gyp/3.2.0/include/node/v8.h:2594:43: note: candidate function not viable: requires 2 arguments, but 1 was provided
  V8_WARN_UNUSED_RESULT MaybeLocal<Value> Get(Local<Context> context,
                                          ^
../ext/bson.cc:233:16: error: no matching member function for call to 'Get'
                                if(object->Get(bson->_binarySubTypeString)->Int32Value() == 0x02) {
                                   ~~~~~~~~^~~
/Users/ruddfawcett/.node-gyp/3.2.0/include/node/v8.h:2589:55: note: candidate function not viable: no known conversion from 'Persistent<v8::String>' to 'Handle<v8::Value>' (aka 'v8::Local<v8::Value>') for 1st argument
  V8_DEPRECATE_SOON("Use maybe version", Local<Value> Get(Handle<Value> key));
                                                      ^
/Users/ruddfawcett/.node-gyp/3.2.0/include/node/v8config.h:331:48: note: expanded from macro 'V8_DEPRECATE_SOON'
#define V8_DEPRECATE_SOON(message, declarator) declarator
                                               ^
/Users/ruddfawcett/.node-gyp/3.2.0/include/node/v8.h:2593:55: note: candidate function not viable: no known conversion from 'Persistent<v8::String>' to 'uint32_t' (aka 'unsigned int') for 1st argument
  V8_DEPRECATE_SOON("Use maybe version", Local<Value> Get(uint32_t index));
                                                      ^
/Users/ruddfawcett/.node-gyp/3.2.0/include/node/v8config.h:331:48: note: expanded from macro 'V8_DEPRECATE_SOON'
#define V8_DEPRECATE_SOON(message, declarator) declarator
                                               ^
/Users/ruddfawcett/.node-gyp/3.2.0/include/node/v8.h:2590:43: note: candidate function not viable: requires 2 arguments, but 1 was provided
  V8_WARN_UNUSED_RESULT MaybeLocal<Value> Get(Local<Context> context,
                                          ^
/Users/ruddfawcett/.node-gyp/3.2.0/include/node/v8.h:2594:43: note: candidate function not viable: requires 2 arguments, but 1 was provided
  V8_WARN_UNUSED_RESULT MaybeLocal<Value> Get(Local<Context> context,
                                          ^
../ext/bson.cc:239:30: error: member reference type 'Persistent<v8::String>' is not a pointer; maybe you meant to use '.'?
                        else if(bson->doubleString->StrictEquals(constructorString))
                                ~~~~~~~~~~~~~~~~~~^~
                                                  .
fatal error: too many errors emitted, stopping now [-ferror-limit=]
20 errors generated.
make: *** [Release/obj.target/bson/ext/bson.o] Error 1
gyp ERR! build error 
gyp ERR! stack Error: `make` failed with exit code: 2
gyp ERR! stack     at ChildProcess.onExit (/usr/local/lib/node_modules/npm/node_modules/node-gyp/lib/build.js:269:23)
gyp ERR! stack     at emitTwo (events.js:87:13)
gyp ERR! stack     at ChildProcess.emit (events.js:172:7)
gyp ERR! stack     at Process.ChildProcess._handle.onexit (internal/child_process.js:200:12)
gyp ERR! System Darwin 14.4.0
gyp ERR! command "/usr/local/bin/iojs" "/usr/local/lib/node_modules/npm/node_modules/node-gyp/bin/node-gyp.js" "rebuild"
gyp ERR! cwd /Users/ruddfawcett/PraisePop/backend/node_modules/mongoose/node_modules/mongodb/node_modules/bson
gyp ERR! node -v v3.2.0
gyp ERR! node-gyp -v v2.0.2
gyp ERR! not ok 
